2021/11/17 08:44:35 [notice] 1#1: using the "epoll" event method
2021/11/17 08:44:35 [notice] 1#1: nginx/1.21.4
2021/11/17 08:44:35 [notice] 1#1: built by gcc 10.2.1 20210110 (Debian 10.2.1-6) 
2021/11/17 08:44:35 [notice] 1#1: OS: Linux 5.10.16.3-microsoft-standard-WSL2
2021/11/17 08:44:35 [notice] 1#1: getrlimit(RLIMIT_NOFILE): 1048576:1048576
2021/11/17 08:44:35 [notice] 1#1: start worker processes
2021/11/17 08:44:35 [notice] 1#1: start worker process 23
2021/11/17 08:44:35 [notice] 1#1: start worker process 24
2021/11/17 08:44:35 [notice] 1#1: start worker process 25
2021/11/17 08:44:35 [notice] 1#1: start worker process 26
2021/11/17 08:47:58 [error] 23#23: *2 open() "/var/www/public/favicon.ico" failed (2: No such file or directory), client: 172.20.0.1, server: runormis, request: "GET /favicon.ico HTTP/1.1", host: "runormis", referrer: "http://runormis/"
2021/11/17 08:50:45 [notice] 1#1: signal 3 (SIGQUIT) received, shutting down
2021/11/17 08:50:45 [notice] 23#23: gracefully shutting down
2021/11/17 08:50:45 [notice] 25#25: gracefully shutting down
2021/11/17 08:50:45 [notice] 24#24: gracefully shutting down
2021/11/17 08:50:45 [notice] 26#26: gracefully shutting down
2021/11/17 08:50:45 [notice] 26#26: exiting
2021/11/17 08:50:45 [notice] 23#23: exiting
2021/11/17 08:50:45 [notice] 25#25: exiting
2021/11/17 08:50:45 [notice] 24#24: exiting
2021/11/17 08:50:45 [notice] 26#26: exit
2021/11/17 08:50:45 [notice] 23#23: exit
2021/11/17 08:50:45 [notice] 25#25: exit
2021/11/17 08:50:45 [notice] 24#24: exit
2021/11/17 08:50:46 [notice] 1#1: signal 17 (SIGCHLD) received from 26
2021/11/17 08:50:46 [notice] 1#1: worker process 26 exited with code 0
2021/11/17 08:50:46 [notice] 1#1: signal 29 (SIGIO) received
2021/11/17 08:50:46 [notice] 1#1: signal 17 (SIGCHLD) received from 25
2021/11/17 08:50:46 [notice] 1#1: worker process 23 exited with code 0
2021/11/17 08:50:46 [notice] 1#1: worker process 24 exited with code 0
2021/11/17 08:50:46 [notice] 1#1: worker process 25 exited with code 0
2021/11/17 08:50:46 [notice] 1#1: exit
2021/11/17 08:52:56 [notice] 1#1: using the "epoll" event method
2021/11/17 08:52:56 [notice] 1#1: nginx/1.21.4
2021/11/17 08:52:56 [notice] 1#1: built by gcc 10.2.1 20210110 (Debian 10.2.1-6) 
2021/11/17 08:52:56 [notice] 1#1: OS: Linux 5.10.16.3-microsoft-standard-WSL2
2021/11/17 08:52:56 [notice] 1#1: getrlimit(RLIMIT_NOFILE): 1048576:1048576
2021/11/17 08:52:56 [notice] 1#1: start worker processes
2021/11/17 08:52:56 [notice] 1#1: start worker process 22
2021/11/17 08:52:56 [notice] 1#1: start worker process 23
2021/11/17 08:52:56 [notice] 1#1: start worker process 24
2021/11/17 08:52:56 [notice] 1#1: start worker process 25
2021/11/17 08:52:59 [error] 22#22: *2 directory index of "/var/www/" is forbidden, client: 172.21.0.1, server: runormis, request: "GET / HTTP/1.1", host: "runormis"
2021/11/17 08:53:02 [error] 22#22: *2 directory index of "/var/www/" is forbidden, client: 172.21.0.1, server: runormis, request: "GET / HTTP/1.1", host: "runormis"
2021/11/17 08:53:25 [notice] 1#1: signal 3 (SIGQUIT) received, shutting down
2021/11/17 08:53:25 [notice] 22#22: gracefully shutting down
2021/11/17 08:53:25 [notice] 24#24: gracefully shutting down
2021/11/17 08:53:25 [notice] 24#24: exiting
2021/11/17 08:53:25 [notice] 23#23: gracefully shutting down
2021/11/17 08:53:25 [notice] 25#25: gracefully shutting down
2021/11/17 08:53:25 [notice] 25#25: exiting
2021/11/17 08:53:25 [notice] 24#24: exit
2021/11/17 08:53:25 [notice] 23#23: exiting
2021/11/17 08:53:25 [notice] 25#25: exit
2021/11/17 08:53:25 [notice] 23#23: exit
2021/11/17 08:53:26 [notice] 1#1: signal 17 (SIGCHLD) received from 23
2021/11/17 08:53:26 [notice] 1#1: worker process 23 exited with code 0
2021/11/17 08:53:26 [notice] 1#1: worker process 25 exited with code 0
2021/11/17 08:53:26 [notice] 1#1: signal 29 (SIGIO) received
2021/11/17 08:53:26 [notice] 1#1: signal 17 (SIGCHLD) received from 24
2021/11/17 08:53:26 [notice] 1#1: worker process 24 exited with code 0
2021/11/17 08:53:26 [notice] 1#1: signal 29 (SIGIO) received
2021/11/17 08:53:52 [notice] 1#1: using the "epoll" event method
2021/11/17 08:53:52 [notice] 1#1: nginx/1.21.4
2021/11/17 08:53:52 [notice] 1#1: built by gcc 10.2.1 20210110 (Debian 10.2.1-6) 
2021/11/17 08:53:52 [notice] 1#1: OS: Linux 5.10.16.3-microsoft-standard-WSL2
2021/11/17 08:53:52 [notice] 1#1: getrlimit(RLIMIT_NOFILE): 1048576:1048576
2021/11/17 08:53:52 [notice] 1#1: start worker processes
2021/11/17 08:53:52 [notice] 1#1: start worker process 22
2021/11/17 08:53:52 [notice] 1#1: start worker process 23
2021/11/17 08:53:52 [notice] 1#1: start worker process 24
2021/11/17 08:53:52 [notice] 1#1: start worker process 25
2021/11/17 11:34:34 [notice] 1#1: signal 3 (SIGQUIT) received, shutting down
2021/11/17 11:34:34 [notice] 23#23: gracefully shutting down
2021/11/17 11:34:34 [notice] 22#22: gracefully shutting down
2021/11/17 11:34:34 [notice] 24#24: gracefully shutting down
2021/11/17 11:34:34 [notice] 22#22: exiting
2021/11/17 11:34:34 [notice] 24#24: exiting
2021/11/17 11:34:34 [notice] 25#25: gracefully shutting down
2021/11/17 11:34:34 [notice] 23#23: exiting
2021/11/17 11:34:34 [notice] 22#22: exit
2021/11/17 11:34:34 [notice] 23#23: exit
2021/11/17 11:34:34 [notice] 25#25: exiting
2021/11/17 11:34:34 [notice] 25#25: exit
2021/11/17 11:34:34 [notice] 24#24: exit
2021/11/17 11:34:34 [notice] 1#1: signal 17 (SIGCHLD) received from 25
2021/11/17 11:34:34 [notice] 1#1: worker process 23 exited with code 0
2021/11/17 11:34:34 [notice] 1#1: worker process 25 exited with code 0
2021/11/17 11:34:34 [notice] 1#1: signal 29 (SIGIO) received
2021/11/17 11:34:34 [notice] 1#1: signal 17 (SIGCHLD) received from 23
2021/11/17 11:34:34 [notice] 1#1: signal 17 (SIGCHLD) received from 22
2021/11/17 11:34:34 [notice] 1#1: worker process 22 exited with code 0
2021/11/17 11:34:34 [notice] 1#1: signal 29 (SIGIO) received
2021/11/17 11:34:34 [notice] 1#1: signal 17 (SIGCHLD) received from 24
2021/11/17 11:34:34 [notice] 1#1: worker process 24 exited with code 0
2021/11/17 11:34:34 [notice] 1#1: exit
2021/11/17 11:34:59 [notice] 1#1: using the "epoll" event method
2021/11/17 11:34:59 [notice] 1#1: nginx/1.21.4
2021/11/17 11:34:59 [notice] 1#1: built by gcc 10.2.1 20210110 (Debian 10.2.1-6) 
2021/11/17 11:34:59 [notice] 1#1: OS: Linux 5.10.16.3-microsoft-standard-WSL2
2021/11/17 11:34:59 [notice] 1#1: getrlimit(RLIMIT_NOFILE): 1048576:1048576
2021/11/17 11:34:59 [notice] 1#1: start worker processes
2021/11/17 11:34:59 [notice] 1#1: start worker process 23
2021/11/17 11:34:59 [notice] 1#1: start worker process 24
2021/11/17 11:34:59 [notice] 1#1: start worker process 25
2021/11/17 11:34:59 [notice] 1#1: start worker process 26
2021/11/17 12:00:10 [notice] 1#1: signal 3 (SIGQUIT) received, shutting down
2021/11/17 12:00:10 [notice] 23#23: gracefully shutting down
2021/11/17 12:00:10 [notice] 24#24: gracefully shutting down
2021/11/17 12:00:10 [notice] 24#24: exiting
2021/11/17 12:00:10 [notice] 26#26: gracefully shutting down
2021/11/17 12:00:10 [notice] 25#25: gracefully shutting down
2021/11/17 12:00:10 [notice] 23#23: exiting
2021/11/17 12:00:10 [notice] 24#24: exit
2021/11/17 12:00:10 [notice] 26#26: exiting
2021/11/17 12:00:10 [notice] 25#25: exiting
2021/11/17 12:00:10 [notice] 23#23: exit
2021/11/17 12:00:10 [notice] 26#26: exit
2021/11/17 12:00:10 [notice] 25#25: exit
2021/11/17 12:00:10 [notice] 1#1: signal 17 (SIGCHLD) received from 25
2021/11/17 12:00:10 [notice] 1#1: worker process 24 exited with code 0
2021/11/17 12:00:10 [notice] 1#1: worker process 25 exited with code 0
2021/11/17 12:00:10 [notice] 1#1: worker process 26 exited with code 0
2021/11/17 12:00:10 [notice] 1#1: signal 29 (SIGIO) received
2021/11/17 12:00:10 [notice] 1#1: signal 17 (SIGCHLD) received from 23
2021/11/17 12:00:10 [notice] 1#1: worker process 23 exited with code 0
2021/11/17 12:00:10 [notice] 1#1: exit
2021/11/17 12:01:07 [notice] 1#1: using the "epoll" event method
2021/11/17 12:01:07 [notice] 1#1: nginx/1.21.4
2021/11/17 12:01:07 [notice] 1#1: built by gcc 10.2.1 20210110 (Debian 10.2.1-6) 
2021/11/17 12:01:07 [notice] 1#1: OS: Linux 5.10.16.3-microsoft-standard-WSL2
2021/11/17 12:01:07 [notice] 1#1: getrlimit(RLIMIT_NOFILE): 1048576:1048576
2021/11/17 12:01:07 [notice] 1#1: start worker processes
2021/11/17 12:01:07 [notice] 1#1: start worker process 23
2021/11/17 12:01:07 [notice] 1#1: start worker process 24
2021/11/17 12:01:07 [notice] 1#1: start worker process 25
2021/11/17 12:01:07 [notice] 1#1: start worker process 26
